TN:
SF:utility.js
FN:11,isPalindrome
FN:22,fibonacci
FN:40,fahrenheitToCelsius
FN:49,celsiusToFahrenheit
FN:59,factorial
FNF:5
FNH:5
FNDA:4,isPalindrome
FNDA:1,fibonacci
FNDA:1,fahrenheitToCelsius
FNDA:1,celsiusToFahrenheit
FNDA:7,factorial
DA:1,1
DA:2,1
DA:3,1
DA:4,1
DA:5,1
DA:6,1
DA:7,1
DA:8,1
DA:9,1
DA:10,1
DA:11,4
DA:12,4
DA:13,4
DA:14,4
DA:15,1
DA:16,1
DA:17,1
DA:18,1
DA:19,1
DA:20,1
DA:21,1
DA:22,1
DA:23,1
DA:24,1
DA:25,1
DA:26,1
DA:27,6
DA:28,6
DA:29,6
DA:30,6
DA:31,6
DA:32,1
DA:33,1
DA:34,1
DA:35,1
DA:36,1
DA:37,1
DA:38,1
DA:39,1
DA:40,1
DA:41,1
DA:42,1
DA:43,1
DA:44,1
DA:45,1
DA:46,1
DA:47,1
DA:48,1
DA:49,1
DA:50,1
DA:51,1
DA:52,1
DA:53,1
DA:54,1
DA:55,1
DA:56,1
DA:57,1
DA:58,1
DA:59,7
DA:60,7
DA:61,0
DA:62,0
DA:63,7
DA:64,1
DA:65,1
DA:66,6
DA:67,6
DA:68,1
DA:69,1
DA:70,1
DA:71,1
DA:72,1
DA:73,1
DA:74,1
DA:75,1
LF:75
LH:73
BRDA:11,0,0,4
BRDA:22,1,0,1
BRDA:26,2,0,6
BRDA:40,3,0,1
BRDA:49,4,0,1
BRDA:59,5,0,7
BRDA:60,6,0,0
BRDA:63,7,0,1
BRDA:65,8,0,6
BRF:9
BRH:8
end_of_record
